### Custom WaveView ADV log file, revision O-2018.09-SP2  (build 190227) ###
### created at 11:14:55 on Thu Dec 28 2023 (Windows) ###
### Host Name: MARVEL   User ID:    ###
wv_start_log
# (0) running in waveview only mode
# (0) SW_SX_TCL_LIB is not defined, use tcl lib in package
sx_open_sim_file_read {E:/WorkStation/Digital IC/src/final/hspice/final/main.tr0}
wv_move_window {Custom WaveView} {} -8 -8
wv_resize_browser {Custom WaveView} {} {WV.Browser} 250 794
wv_resize_browser {Custom WaveView} {} {waveview 1:1} 1393 765
wv_resize_window {Custom WaveView} 1653 937
wv_select_window {Custom WaveView} 
wv_select_tree_item {Custom WaveView} {} {hierview} {D0:main.tr0(0)} {0} {+sep=@}
wv_select_tree_item {Custom WaveView} {} {hierview} {D0:main.tr0(0)} {0} {+sep=@}
wv_select_tree_item {Custom WaveView} {} {hierview} {D0:main.tr0(0)} {0} {+sep=@}
wv_select_tree_item {Custom WaveView} {} {hierview} {D0:main.tr0(0)} {0} {+sep=@}
wv_expand_tree_item {Custom WaveView} {} {hierview} {D0:main.tr0(0)} {+sep=@}
wv_select_tree_item {Custom WaveView} {} {hierview} {D0:main.tr0(0)} {0} {+sep=@}
wv_select_tree_item {Custom WaveView} {} {hierview} {D0:main.tr0(0)@toplevel(0)} {0} {+sep=@}
wv_resize_browser {Custom WaveView} {} {WV.Browser} 251 794
wv_resize_browser {Custom WaveView} {} {waveview 1:1} 1392 765
wv_resize_browser {Custom WaveView} {} {WV.Browser} 254 794
wv_resize_browser {Custom WaveView} {} {waveview 1:1} 1389 765
wv_resize_browser {Custom WaveView} {} {WV.Browser} 260 794
wv_resize_browser {Custom WaveView} {} {waveview 1:1} 1383 765
wv_resize_browser {Custom WaveView} {} {WV.Browser} 276 794
wv_resize_browser {Custom WaveView} {} {waveview 1:1} 1367 765
wv_resize_browser {Custom WaveView} {} {WV.Browser} 297 794
wv_resize_browser {Custom WaveView} {} {waveview 1:1} 1346 765
wv_resize_browser {Custom WaveView} {} {WV.Browser} 304 794
wv_resize_browser {Custom WaveView} {} {waveview 1:1} 1339 765
wv_resize_browser {Custom WaveView} {} {WV.Browser} 312 794
wv_resize_browser {Custom WaveView} {} {waveview 1:1} 1331 765
wv_resize_browser {Custom WaveView} {} {WV.Browser} 329 794
wv_resize_browser {Custom WaveView} {} {waveview 1:1} 1314 765
wv_resize_browser {Custom WaveView} {} {WV.Browser} 342 794
wv_resize_browser {Custom WaveView} {} {waveview 1:1} 1301 765
wv_resize_browser {Custom WaveView} {} {WV.Browser} 347 794
wv_resize_browser {Custom WaveView} {} {waveview 1:1} 1296 765
wv_resize_browser {Custom WaveView} {} {WV.Browser} 350 794
wv_resize_browser {Custom WaveView} {} {waveview 1:1} 1293 765
wv_resize_browser {Custom WaveView} {} {WV.Browser} 353 794
wv_resize_browser {Custom WaveView} {} {waveview 1:1} 1290 765
wv_resize_browser {Custom WaveView} {} {WV.Browser} 358 794
wv_resize_browser {Custom WaveView} {} {waveview 1:1} 1285 765
wv_resize_browser {Custom WaveView} {} {WV.Browser} 361 794
wv_resize_browser {Custom WaveView} {} {waveview 1:1} 1282 765
wv_resize_browser {Custom WaveView} {} {WV.Browser} 362 794
wv_resize_browser {Custom WaveView} {} {waveview 1:1} 1281 765
wv_resize_browser {Custom WaveView} {} {WV.Browser} 367 794
wv_resize_browser {Custom WaveView} {} {waveview 1:1} 1276 765
wv_resize_browser {Custom WaveView} {} {WV.Browser} 368 794
wv_resize_browser {Custom WaveView} {} {waveview 1:1} 1275 765
wv_resize_browser {Custom WaveView} {} {WV.Browser} 370 794
wv_resize_browser {Custom WaveView} {} {waveview 1:1} 1273 765
wv_resize_browser {Custom WaveView} {} {WV.Browser} 374 794
wv_resize_browser {Custom WaveView} {} {waveview 1:1} 1269 765
wv_resize_browser {Custom WaveView} {} {WV.Browser} 379 794
wv_resize_browser {Custom WaveView} {} {waveview 1:1} 1264 765
wv_resize_browser {Custom WaveView} {} {WV.Browser} 382 794
wv_resize_browser {Custom WaveView} {} {waveview 1:1} 1261 765
wv_resize_browser {Custom WaveView} {} {WV.Browser} 387 794
wv_resize_browser {Custom WaveView} {} {waveview 1:1} 1256 765
wv_resize_browser {Custom WaveView} {} {WV.Browser} 391 794
wv_resize_browser {Custom WaveView} {} {waveview 1:1} 1252 765
wv_resize_browser {Custom WaveView} {} {WV.Browser} 394 794
wv_resize_browser {Custom WaveView} {} {waveview 1:1} 1249 765
wv_resize_browser {Custom WaveView} {} {WV.Browser} 397 794
wv_resize_browser {Custom WaveView} {} {waveview 1:1} 1246 765
wv_resize_browser {Custom WaveView} {} {WV.Browser} 400 794
wv_resize_browser {Custom WaveView} {} {waveview 1:1} 1243 765
wv_resize_browser {Custom WaveView} {} {WV.Browser} 401 794
wv_resize_browser {Custom WaveView} {} {waveview 1:1} 1242 765
wv_resize_browser {Custom WaveView} {} {WV.Browser} 402 794
wv_resize_browser {Custom WaveView} {} {waveview 1:1} 1241 765
wv_resize_browser {Custom WaveView} {} {WV.Browser} 403 794
wv_resize_browser {Custom WaveView} {} {waveview 1:1} 1240 765
wv_resize_browser {Custom WaveView} {} {WV.Browser} 404 794
wv_resize_browser {Custom WaveView} {} {waveview 1:1} 1239 765
wv_resize_browser {Custom WaveView} {} {WV.Browser} 409 794
wv_resize_browser {Custom WaveView} {} {waveview 1:1} 1234 765
wv_resize_browser {Custom WaveView} {} {WV.Browser} 411 794
wv_resize_browser {Custom WaveView} {} {waveview 1:1} 1232 765
wv_resize_browser {Custom WaveView} {} {WV.Browser} 415 794
wv_resize_browser {Custom WaveView} {} {waveview 1:1} 1228 765
wv_resize_browser {Custom WaveView} {} {WV.Browser} 416 794
wv_resize_browser {Custom WaveView} {} {waveview 1:1} 1227 765
wv_resize_browser {Custom WaveView} {} {WV.Browser} 419 794
wv_resize_browser {Custom WaveView} {} {waveview 1:1} 1224 765
wv_resize_browser {Custom WaveView} {} {WV.Browser} 422 794
wv_resize_browser {Custom WaveView} {} {waveview 1:1} 1221 765
wv_resize_browser {Custom WaveView} {} {WV.Browser} 425 794
wv_resize_browser {Custom WaveView} {} {waveview 1:1} 1218 765
wv_resize_browser {Custom WaveView} {} {WV.Browser} 428 794
wv_resize_browser {Custom WaveView} {} {waveview 1:1} 1215 765
wv_resize_browser {Custom WaveView} {} {WV.Browser} 431 794
wv_resize_browser {Custom WaveView} {} {waveview 1:1} 1212 765
wv_resize_browser {Custom WaveView} {} {WV.Browser} 436 794
wv_resize_browser {Custom WaveView} {} {waveview 1:1} 1207 765
wv_resize_browser {Custom WaveView} {} {WV.Browser} 439 794
wv_resize_browser {Custom WaveView} {} {waveview 1:1} 1204 765
wv_resize_browser {Custom WaveView} {} {WV.Browser} 451 794
wv_resize_browser {Custom WaveView} {} {waveview 1:1} 1192 765
wv_resize_browser {Custom WaveView} {} {WV.Browser} 458 794
wv_resize_browser {Custom WaveView} {} {waveview 1:1} 1185 765
wv_resize_browser {Custom WaveView} {} {WV.Browser} 464 794
wv_resize_browser {Custom WaveView} {} {waveview 1:1} 1179 765
wv_resize_browser {Custom WaveView} {} {WV.Browser} 467 794
wv_resize_browser {Custom WaveView} {} {waveview 1:1} 1176 765
wv_resize_browser {Custom WaveView} {} {WV.Browser} 470 794
wv_resize_browser {Custom WaveView} {} {waveview 1:1} 1173 765
wv_resize_browser {Custom WaveView} {} {WV.Browser} 471 794
wv_resize_browser {Custom WaveView} {} {waveview 1:1} 1172 765
wv_resize_browser {Custom WaveView} {} {WV.Browser} 472 794
wv_resize_browser {Custom WaveView} {} {waveview 1:1} 1171 765
wv_select_list_item {Custom WaveView} {} {sigview} {v(s7)} 92
wv_drag_list_item {Custom WaveView} {} {sigview} {v(s7)} 92
wv_select_list_item {Custom WaveView} {} {sigview} {v(s7)} 92
wv_drag_list_item {Custom WaveView} {} {sigview} {v(s7)} 92
wv_drag_enter WV1
wv_drop_on WV1
wv_select_list_item {Custom WaveView} {} {sigview} {v(s6)} 91
wv_drag_list_item {Custom WaveView} {} {sigview} {v(s6)} 91
wv_drag_enter WV1
wv_drag_to WV1 3 643
wv_drag_to WV1 64 707
wv_drop_on WV1
wv_select_list_item {Custom WaveView} {} {sigview} {v(s5)} 90
wv_drag_list_item {Custom WaveView} {} {sigview} {v(s5)} 90
wv_drag_enter WV1
wv_drag_to WV1 0 668
wv_drag_to WV1 22 703
wv_drop_on WV1
wv_select_list_item {Custom WaveView} {} {sigview} {v(s4)} 89
wv_drag_list_item {Custom WaveView} {} {sigview} {v(s4)} 89
wv_drag_enter WV1
wv_drag_to WV1 1 658
wv_drag_to WV1 27 700
wv_drop_on WV1
wv_select_list_item {Custom WaveView} {} {sigview} {v(s3)} 88
wv_drag_list_item {Custom WaveView} {} {sigview} {v(s3)} 88
wv_drag_enter WV1
wv_drag_to WV1 0 640
wv_drag_to WV1 25 703
wv_drop_on WV1
wv_select_list_item {Custom WaveView} {} {sigview} {v(s2)} 87
wv_drag_list_item {Custom WaveView} {} {sigview} {v(s2)} 87
wv_drag_enter WV1
wv_drag_to WV1 1 644
wv_drag_to WV1 23 701
wv_drop_on WV1
wv_select_list_item {Custom WaveView} {} {sigview} {v(s1)} 80
wv_drag_list_item {Custom WaveView} {} {sigview} {v(s1)} 80
wv_drag_enter WV1
wv_drag_to WV1 20 554
wv_drag_to WV1 41 587
wv_drag_to WV1 63 619
wv_drag_to WV1 103 700
wv_drop_on WV1
wv_select_list_item {Custom WaveView} {} {sigview} {v(s0)} 79
wv_drag_list_item {Custom WaveView} {} {sigview} {v(s0)} 79
wv_drag_enter WV1
wv_drag_to WV1 1 732
wv_drop_on WV1
wv_select_window {Custom WaveView} 
wv_select_list_item {Custom WaveView} {} {sigview} {v(co7)} 60
wv_drag_list_item {Custom WaveView} {} {sigview} {v(co7)} 60
wv_drag_enter WV1
wv_drag_to WV1 2 242
wv_drag_to WV1 36 192
wv_drag_to WV1 42 179
wv_drag_to WV1 56 109
wv_drag_to WV1 60 95
wv_drag_to WV1 71 23
wv_drop_on WV1
wv_select_window {Custom WaveView} 
wv_press_tool_button {Custom WaveView} {} {NewWaveView0} 
wv_select_list_item {Custom WaveView} {} {sigview} {v(s15)} 86
wv_drag_list_item {Custom WaveView} {} {sigview} {v(s15)} 86
wv_drag_enter WV2
wv_drop_on WV2
wv_select_dialog {Confirmation} 
wv_press_button {Confirmation} {} {Ok} 
wv_select_tree_item {Custom WaveView} {} {hierview} {D0:main.tr0(0)@toplevel(0)} {0} {+sep=@}
wv_select_list_item {Custom WaveView} {} {sigview} {v(s14)} 103
wv_drag_list_item {Custom WaveView} {} {sigview} {v(s14)} 103
wv_drag_enter WV2
wv_drag_to WV2 12 562
wv_drag_to WV2 51 701
wv_drop_on WV2
wv_select_list_item {Custom WaveView} {} {sigview} {v(s13)} 102
wv_drag_list_item {Custom WaveView} {} {sigview} {v(s13)} 102
wv_drag_enter WV2
wv_drag_to WV2 18 584
wv_drag_to WV2 74 716
wv_drag_leave WV2
wv_drag_enter WV2
wv_drag_to WV2 63 736
wv_drop_on WV2
wv_select_list_item {Custom WaveView} {} {sigview} {v(s12)} 101
wv_drag_list_item {Custom WaveView} {} {sigview} {v(s12)} 101
wv_drag_enter WV2
wv_drag_to WV2 8 544
wv_drag_to WV2 108 701
wv_drop_on WV2
wv_select_list_item {Custom WaveView} {} {sigview} {v(s11)} 100
wv_drag_list_item {Custom WaveView} {} {sigview} {v(s11)} 100
wv_drag_enter WV2
wv_drag_to WV2 10 586
wv_drag_to WV2 30 700
wv_drop_on WV2
wv_select_list_item {Custom WaveView} {} {sigview} {v(s10)} 99
wv_drag_list_item {Custom WaveView} {} {sigview} {v(s10)} 99
wv_drag_enter WV2
wv_drag_to WV2 3 711
wv_drop_on WV2
wv_select_list_item {Custom WaveView} {} {sigview} {v(s1)} 98
wv_drag_list_item {Custom WaveView} {} {sigview} {v(s1)} 98
wv_drag_enter WV2
wv_drag_to WV2 0 703
wv_drag_leave WV2
wv_select_list_item {Custom WaveView} {} {sigview} {v(s9)} 112
wv_drag_list_item {Custom WaveView} {} {sigview} {v(s9)} 112
wv_drag_enter WV2
wv_drag_to WV2 3 657
wv_drag_to WV2 33 700
wv_drop_on WV2
wv_select_list_item {Custom WaveView} {} {sigview} {v(s8)} 111
wv_drag_list_item {Custom WaveView} {} {sigview} {v(s8)} 111
wv_drag_enter WV2
wv_drag_to WV2 3 665
wv_drag_to WV2 28 695
wv_drop_on WV2
wv_select_list_item {Custom WaveView} {} {sigview} {v(s7)} 110
wv_drag_list_item {Custom WaveView} {} {sigview} {v(s7)} 110
wv_drag_enter WV2
wv_drag_to WV2 0 674
wv_drag_to WV2 14 697
wv_drop_on WV2
wv_select_list_item {Custom WaveView} {} {sigview} {v(s6)} 109
wv_drag_list_item {Custom WaveView} {} {sigview} {v(s6)} 109
wv_drag_enter WV2
wv_drag_to WV2 2 704
wv_drop_on WV2
wv_select_list_item {Custom WaveView} {} {sigview} {v(s5)} 108
wv_drag_list_item {Custom WaveView} {} {sigview} {v(s5)} 108
wv_drag_enter WV2
wv_drag_to WV2 0 660
wv_drag_to WV2 19 696
wv_drop_on WV2
wv_select_list_item {Custom WaveView} {} {sigview} {v(s4)} 107
wv_drag_list_item {Custom WaveView} {} {sigview} {v(s4)} 107
wv_drag_enter WV2
wv_drag_to WV2 1 626
wv_drag_to WV2 19 644
wv_drag_to WV2 24 649
wv_drag_to WV2 37 698
wv_drop_on WV2
wv_select_list_item {Custom WaveView} {} {sigview} {v(s3)} 106
wv_drag_list_item {Custom WaveView} {} {sigview} {v(s3)} 106
wv_drag_enter WV2
wv_drag_to WV2 2 621
wv_drag_to WV2 13 646
wv_drag_to WV2 17 657
wv_drag_to WV2 26 701
wv_drop_on WV2
wv_select_list_item {Custom WaveView} {} {sigview} {v(s2)} 105
wv_drag_list_item {Custom WaveView} {} {sigview} {v(s2)} 105
wv_drag_enter WV2
wv_drag_to WV2 1 598
wv_drag_to WV2 24 642
wv_drag_to WV2 28 651
wv_drag_to WV2 37 694
wv_drop_on WV2
wv_select_list_item {Custom WaveView} {} {sigview} {v(s1)} 98
wv_drag_list_item {Custom WaveView} {} {sigview} {v(s1)} 98
wv_drag_enter WV2
wv_drag_to WV2 7 699
wv_drop_on WV2
wv_select_list_item {Custom WaveView} {} {sigview} {v(s0)} 97
wv_drag_list_item {Custom WaveView} {} {sigview} {v(s0)} 97
wv_drag_enter WV2
wv_drag_to WV2 1 701
wv_drop_on WV2
wv_select_window {Custom WaveView} 
wv_select_list_item {Custom WaveView} {} {sigview} {v(co15)} 72
wv_drag_list_item {Custom WaveView} {} {sigview} {v(co15)} 72
wv_drag_enter WV2
wv_drag_to WV2 1 331
wv_drag_to WV2 5 317
wv_drag_to WV2 10 299
wv_drag_to WV2 15 274
wv_drag_to WV2 18 264
wv_drag_to WV2 26 232
wv_drag_to WV2 29 223
wv_drag_to WV2 39 189
wv_drag_to WV2 40 181
wv_drag_to WV2 43 148
wv_drag_to WV2 44 137
wv_drag_to WV2 48 107
wv_drag_to WV2 49 92
wv_drag_to WV2 49 65
wv_drag_to WV2 45 50
wv_drag_to WV2 44 24
wv_drop_on WV2
wv_select_window {Custom WaveView} 
wv_press_tool_button {Custom WaveView} {} {UpdateWave0} 
wv_press_button {ReloadFiles} {} {Yes} 
wv_select_window {Custom WaveView} 
wv_press_tool_button {Custom WaveView} {} {UpdateWave0} 
wv_press_button {ReloadFiles} {} {Yes} 
wv_select_tab {Custom WaveView} {} {WVTab} {waveview 1:1}
wv_select_tab {Custom WaveView} {} {WVTab} {waveview 2:2}
wv_select_window {Custom WaveView} 
wv_select_waveview 2 {waveview 2}
wv_select_wv_item WV2.PANEL1:1.LEGEND
wv_select_panel WV2.PANEL1:1.LEGEND
wv_select_waveview 2 {waveview 2}
wv_select_wv_item WV2.PANEL2:1.LINE1
wv_select_waveview 2 {waveview 2}
wv_select_wv_item WV2.PANEL2:1.LINE1
wv_select_line WV2.PANEL2:1.LINE1
wv_select_waveview 2 {waveview 2}
wv_ctrl_select_line WV2.PANEL1:1.LINE1
wv_select_waveview 2 {waveview 2}
wv_ctrl_select_line WV2.PANEL3:1.LINE1
wv_select_waveview 2 {waveview 2}
wv_ctrl_select_panel WV2.PANEL4:1.LEGEND
wv_select_waveview 2 {waveview 2}
wv_ctrl_select_line WV2.PANEL4:1.LINE1
wv_select_waveview 2 {waveview 2}
wv_ctrl_select_line WV2.PANEL5:1.LINE1
wv_select_waveview 2 {waveview 2}
wv_ctrl_select_line WV2.PANEL6:1.LINE1
wv_select_waveview 2 {waveview 2}
wv_ctrl_select_line WV2.PANEL7:1.LINE1
wv_select_waveview 2 {waveview 2}
wv_ctrl_select_line WV2.PANEL8:1.LINE1
wv_select_waveview 2 {waveview 2}
wv_ctrl_select_line WV2.PANEL9:1.LINE1
wv_select_waveview 2 {waveview 2}
wv_ctrl_select_line WV2.PANEL10:1.LINE1
wv_select_waveview 2 {waveview 2}
wv_ctrl_select_panel WV2.PANEL11:1.LEGEND
wv_select_waveview 2 {waveview 2}
wv_ctrl_select_line WV2.PANEL11:1.LINE1
wv_select_waveview 2 {waveview 2}
wv_ctrl_select_line WV2.PANEL12:1.LINE1
wv_select_waveview 2 {waveview 2}
wv_ctrl_select_panel WV2.PANEL13:1.LEGEND
wv_select_waveview 2 {waveview 2}
wv_ctrl_select_line WV2.PANEL13:1.LINE1
wv_select_waveview 2 {waveview 2}
wv_ctrl_select_line WV2.PANEL14:1.LINE1
wv_select_waveview 2 {waveview 2}
wv_ctrl_select_line WV2.PANEL15:1.LINE1
wv_select_waveview 2 {waveview 2}
wv_ctrl_select_panel WV2.PANEL16:1.LEGEND
wv_select_waveview 2 {waveview 2}
wv_ctrl_select_line WV2.PANEL17:1.LINE1
wv_select_waveview 2 {waveview 2}
wv_ctrl_select_line WV2.PANEL16:1.LINE1
wv_select_waveview 2 {waveview 2}
wv_waveview_context_menu WV2.PANEL1:1.LEGEND
wv_select_waveview 2 {waveview 2}
wv_select_menu_item {Custom WaveView} {waveview 2:2} {PanelPopMenu.Attributes...} 
wv_close_dialog {PanelAttributesDialog} 
wv_select_dialog {PanelAttributesDialog} 
wv_select_window {Custom WaveView} 
wv_close_dialog {PanelAttributesDialog} 
wv_select_waveview 2 {waveview 2}
wv_select_wv_item WV2.PANEL1:1.LEGEND
wv_select_panel WV2.PANEL1:1.LEGEND
wv_select_waveview 2 {waveview 2}
wv_select_wv_item WV2.PANEL1:1.LINE1
wv_select_line WV2.PANEL1:1.LINE1
wv_select_waveview 2 {waveview 2}
wv_ctrl_select_panel WV2.PANEL2:1.LEGEND
wv_select_waveview 2 {waveview 2}
wv_ctrl_select_line WV2.PANEL2:1.LINE1
wv_select_waveview 2 {waveview 2}
wv_ctrl_select_line WV2.PANEL3:1.LINE1
wv_select_waveview 2 {waveview 2}
wv_ctrl_select_panel WV2.PANEL4:1.LEGEND
wv_select_waveview 2 {waveview 2}
wv_ctrl_select_line WV2.PANEL4:1.LINE1
wv_select_waveview 2 {waveview 2}
wv_ctrl_select_line WV2.PANEL5:1.LINE1
wv_select_waveview 2 {waveview 2}
wv_ctrl_select_panel WV2.PANEL6:1.LEGEND
wv_select_waveview 2 {waveview 2}
wv_ctrl_select_panel WV2.PANEL6:1.LEGEND
wv_select_waveview 2 {waveview 2}
wv_ctrl_select_line WV2.PANEL6:1.LINE1
wv_select_waveview 2 {waveview 2}
wv_ctrl_select_line WV2.PANEL7:1.LINE1
wv_select_waveview 2 {waveview 2}
wv_ctrl_select_panel WV2.PANEL8:1.LEGEND
wv_select_waveview 2 {waveview 2}
wv_ctrl_select_line WV2.PANEL8:1.LINE1
wv_select_waveview 2 {waveview 2}
wv_ctrl_select_line WV2.PANEL9:1.LINE1
wv_select_waveview 2 {waveview 2}
wv_ctrl_select_panel WV2.PANEL10:1.LEGEND
wv_select_waveview 2 {waveview 2}
wv_ctrl_select_line WV2.PANEL10:1.LINE1
wv_select_waveview 2 {waveview 2}
wv_ctrl_select_line WV2.PANEL11:1.LINE1
wv_select_waveview 2 {waveview 2}
wv_ctrl_select_panel WV2.PANEL12:1.LEGEND
wv_select_waveview 2 {waveview 2}
wv_ctrl_select_line WV2.PANEL12:1.LINE1
wv_select_waveview 2 {waveview 2}
wv_ctrl_select_line WV2.PANEL13:1.LINE1
wv_select_waveview 2 {waveview 2}
wv_ctrl_select_panel WV2.PANEL14:1.LEGEND
wv_select_waveview 2 {waveview 2}
wv_ctrl_select_panel WV2.PANEL14:1.LEGEND
wv_select_waveview 2 {waveview 2}
wv_ctrl_select_line WV2.PANEL14:1.LINE1
wv_select_waveview 2 {waveview 2}
wv_ctrl_select_line WV2.PANEL15:1.LINE1
wv_select_waveview 2 {waveview 2}
wv_ctrl_select_line WV2.PANEL16:1.LINE1
wv_select_waveview 2 {waveview 2}
wv_ctrl_select_line WV2.PANEL17:1.LINE1
wv_select_waveview 2 {waveview 2}
wv_waveview_context_menu WV2.PANEL16:1.LINE1
wv_select_waveview 2 {waveview 2}
wv_select_menu_item {Custom WaveView} {waveview 2:2} {SignalPopMenu.Attributes...} 
wv_select_combox_item {WaveformAttributesDialog} {} {LineWidth} "2" 1
wv_press_button {WaveformAttributesDialog} {} {Apply} 
wv_close_dialog {WaveformAttributesDialog} 
wv_select_dialog {WaveformAttributesDialog} 
wv_select_window {Custom WaveView} 
wv_close_dialog {WaveformAttributesDialog} 
wv_select_waveview 2 {waveview 2}
wv_waveview_context_menu WV2.TAB
wv_select_waveview 2 {waveview 2}
wv_waveview_context_menu WV2.TAB
wv_select_waveview 2 {waveview 2}
wv_waveview_context_menu WV2.TAB
wv_select_waveview 2 {waveview 2}
wv_waveview_context_menu WV2.TAB
wv_select_waveview 2 {waveview 2}
wv_waveview_context_menu WV2.TAB
wv_select_waveview 2 {waveview 2}
wv_waveview_context_menu WV2.PANEL17:1.LEGEND
wv_select_waveview 2 {waveview 2}
wv_select_wv_item WV2.PANEL17:1.LEGEND
wv_select_panel WV2.PANEL17:1.LEGEND
wv_select_waveview 2 {waveview 2}
wv_waveview_context_menu WV2.TAB
wv_select_waveview 2 {waveview 2}
wv_waveview_context_menu WV2.TAB
wv_select_waveview 2 {waveview 2}
wv_waveview_context_menu WV2.TAB
wv_select_waveview 2 {waveview 2}
wv_release_wv_item WV2 243 728
wv_select_waveview 2 {waveview 2}
wv_waveview_context_menu WV2.TAB
wv_select_waveview 2 {waveview 2}
wv_waveview_context_menu WV2.TAB
wv_select_waveview 2 {waveview 2}
wv_waveview_context_menu WV2.TAB
wv_select_waveview 2 {waveview 2}
wv_waveview_context_menu WV2.TAB
wv_select_waveview 2 {waveview 2}
wv_waveview_context_menu WV2.TAB
wv_select_waveview 2 {waveview 2}
wv_waveview_context_menu WV2.TAB
wv_select_waveview 2 {waveview 2}
wv_waveview_context_menu WV2.TAB
wv_select_waveview 2 {waveview 2}
wv_waveview_context_menu WV2.PANEL1:1.XAXIS1
wv_select_waveview 2 {waveview 2}
wv_waveview_context_menu WV2.PANEL1:1.XAXIS1
wv_select_waveview 2 {waveview 2}
wv_select_menu_item {Custom WaveView} {waveview 2:2} {XAxisPopMenu.Attributes...} 
wv_select_combox_item {AxisAttributesDialog} {} {Font} "Large" 1
wv_press_button {AxisAttributesDialog} {} {Apply} 
wv_close_dialog {AxisAttributesDialog} 
wv_select_dialog {AxisAttributesDialog} 
wv_select_window {Custom WaveView} 
wv_close_dialog {AxisAttributesDialog} 
wv_select_waveview 2 {waveview 2}
wv_waveview_context_menu WV2.PANEL1:1.LEGEND
wv_select_waveview 2 {waveview 2}
wv_select_menu_item {Custom WaveView} {waveview 2:2} {PanelPopMenu.Attributes...} 
wv_close_dialog {PanelAttributesDialog} 
wv_select_dialog {PanelAttributesDialog} 
wv_select_window {Custom WaveView} 
wv_close_dialog {PanelAttributesDialog} 
wv_select_waveview 2 {waveview 2}
wv_select_wv_item WV2.LEGEND.WIDTH
wv_drag_item_to WV2 83 91
wv_move_wv_item WV2.PANEL1:1.LEGEND.WIDTH 124
wv_resize_browser {Custom WaveView} {} {WV.Browser} 471 794
wv_resize_browser {Custom WaveView} {} {waveview 2:2} 1172 765
wv_resize_browser {Custom WaveView} {} {WV.Browser} 469 794
wv_resize_browser {Custom WaveView} {} {waveview 2:2} 1174 765
wv_resize_browser {Custom WaveView} {} {WV.Browser} 463 794
wv_resize_browser {Custom WaveView} {} {waveview 2:2} 1180 765
wv_resize_browser {Custom WaveView} {} {WV.Browser} 456 794
wv_resize_browser {Custom WaveView} {} {waveview 2:2} 1187 765
wv_resize_browser {Custom WaveView} {} {WV.Browser} 452 794
wv_resize_browser {Custom WaveView} {} {waveview 2:2} 1191 765
wv_resize_browser {Custom WaveView} {} {WV.Browser} 438 794
wv_resize_browser {Custom WaveView} {} {waveview 2:2} 1205 765
wv_resize_browser {Custom WaveView} {} {WV.Browser} 433 794
wv_resize_browser {Custom WaveView} {} {waveview 2:2} 1210 765
wv_resize_browser {Custom WaveView} {} {WV.Browser} 416 794
wv_resize_browser {Custom WaveView} {} {waveview 2:2} 1227 765
wv_resize_browser {Custom WaveView} {} {WV.Browser} 390 794
wv_resize_browser {Custom WaveView} {} {waveview 2:2} 1253 765
wv_resize_browser {Custom WaveView} {} {WV.Browser} 384 794
wv_resize_browser {Custom WaveView} {} {waveview 2:2} 1259 765
wv_resize_browser {Custom WaveView} {} {WV.Browser} 344 794
wv_resize_browser {Custom WaveView} {} {waveview 2:2} 1299 765
wv_resize_browser {Custom WaveView} {} {WV.Browser} 309 794
wv_resize_browser {Custom WaveView} {} {waveview 2:2} 1334 765
wv_resize_browser {Custom WaveView} {} {WV.Browser} 296 794
wv_resize_browser {Custom WaveView} {} {waveview 2:2} 1347 765
wv_resize_browser {Custom WaveView} {} {WV.Browser} 263 794
wv_resize_browser {Custom WaveView} {} {waveview 2:2} 1380 765
wv_resize_browser {Custom WaveView} {} {WV.Browser} 246 794
wv_resize_browser {Custom WaveView} {} {waveview 2:2} 1397 765
wv_resize_browser {Custom WaveView} {} {WV.Browser} 231 794
wv_resize_browser {Custom WaveView} {} {waveview 2:2} 1412 765
wv_resize_browser {Custom WaveView} {} {WV.Browser} 227 794
wv_resize_browser {Custom WaveView} {} {waveview 2:2} 1416 765
wv_resize_browser {Custom WaveView} {} {WV.Browser} 216 794
wv_resize_browser {Custom WaveView} {} {waveview 2:2} 1427 765
wv_resize_browser {Custom WaveView} {} {WV.Browser} 207 794
wv_resize_browser {Custom WaveView} {} {waveview 2:2} 1436 765
wv_resize_browser {Custom WaveView} {} {WV.Browser} 198 794
wv_resize_browser {Custom WaveView} {} {waveview 2:2} 1445 765
wv_resize_browser {Custom WaveView} {} {WV.Browser} 199 794
wv_resize_browser {Custom WaveView} {} {waveview 2:2} 1444 765
wv_resize_browser {Custom WaveView} {} {WV.Browser} 201 794
wv_resize_browser {Custom WaveView} {} {waveview 2:2} 1442 765
wv_select_waveview 2 {waveview 2}
wv_select_wv_item WV2.PANEL1:1.LEGEND
wv_select_panel WV2.PANEL1:1.LEGEND
wv_select_waveview 2 {waveview 2}
wv_select_wv_item WV2.PANEL1:1.LEGEND
wv_select_panel WV2.PANEL1:1.LEGEND
wv_select_waveview 2 {waveview 2}
wv_select_wv_item WV2.PANEL1:1.LINE1
wv_select_line WV2.PANEL1:1.LINE1
wv_select_waveview 2 {waveview 2}
wv_ctrl_select_panel WV2.PANEL2:1.LEGEND
wv_dclick_wv_item WV2.PANEL2:1.LEGEND
wv_release_wv_item WV2 56 66
wv_select_window {Custom WaveView} 
wv_select_waveview 2 {waveview 2}
wv_select_wv_item WV2.PANEL2:1.LINE1
wv_select_line WV2.PANEL2:1.LINE1
wv_select_dialog {PanelAttributesDialog} 
wv_close_dialog {PanelAttributesDialog} 
wv_select_dialog {PanelAttributesDialog} 
wv_select_window {Custom WaveView} 
wv_close_dialog {PanelAttributesDialog} 
wv_select_waveview 2 {waveview 2}
wv_select_wv_item WV2.PANEL1:1.LEGEND
wv_select_panel WV2.PANEL1:1.LEGEND
wv_select_waveview 2 {waveview 2}
wv_select_wv_item WV2.PANEL1:1.LEGEND
wv_select_panel WV2.PANEL1:1.LEGEND
wv_select_waveview 2 {waveview 2}
wv_waveview_context_menu WV2.PANEL1:1.LEGEND
wv_select_waveview 2 {waveview 2}
wv_select_menu_item {Custom WaveView} {waveview 2:2} {PanelPopMenu.Attributes...} 
wv_close_dialog {PanelAttributesDialog} 
wv_select_dialog {PanelAttributesDialog} 
wv_select_window {Custom WaveView} 
wv_close_dialog {PanelAttributesDialog} 
wv_select_waveview 2 {waveview 2}
wv_select_wv_item WV2.LEGEND.WIDTH
wv_drag_item_to WV2 123 150
wv_move_wv_item WV2.PANEL1:1.LEGEND.WIDTH 82
wv_select_waveview 2 {waveview 2}
wv_select_wv_item WV2.PANEL1:1.LINE1
wv_select_line WV2.PANEL1:1.LINE1
wv_select_waveview 2 {waveview 2}
wv_select_wv_item WV2.PANEL1:1.LINE1
wv_select_line WV2.PANEL1:1.LINE1
wv_press_tool_button {Custom WaveView} {} {DumpScreen0} 
wv_press_button {SaveScreenDump} {} {SaveToFileBrowse} 
wv_close_dialog {FileDialog} 
wv_select_dialog {SaveScreenDump} 
wv_close_dialog {FileDialog} 
wv_set_text {SaveScreenDump} {} {SaveToFile} "65535+65535"
wv_press_button {SaveScreenDump} {} {SaveToFileBrowse} 
wv_press_button {FileDialog} {} {Up} 
wv_select_list_item {FileDialog} {} {FileList} {pic} 3
wv_dclick_list_item {FileDialog} {} {FileList} {pic} 3
wv_press_button {FileDialog} {} {Ok} 
wv_press_button {SaveScreenDump} {} {Save} 
wv_select_window {Custom WaveView} 
wv_press_tool_button {Custom WaveView} {} {UpdateWave0} 
wv_press_button {ReloadFiles} {} {Yes} 
wv_press_tool_button {Custom WaveView} {} {DumpScreen0} 
#Input text: E:\WorkStation\Digital IC\src\final\hspice\pic\32768+32767+1.png
wv_set_text {SaveScreenDump} {} {SaveToFile} "E:\\WorkStation\\Digital IC\\src\\final\\hspice\\pic\\32768+32767+1.png"
wv_press_button {SaveScreenDump} {} {Save} 
wv_select_window {Custom WaveView} 
wv_press_tool_button {Custom WaveView} {} {UpdateWave0} 
wv_press_button {ReloadFiles} {} {Yes} 
wv_press_tool_button {Custom WaveView} {} {DumpScreen0} 
#Input text: E:\WorkStation\Digital IC\src\final\hspice\pic\0+65535+0.png
wv_set_text {SaveScreenDump} {} {SaveToFile} "E:\\WorkStation\\Digital IC\\src\\final\\hspice\\pic\\0+65535+0.png"
wv_press_button {SaveScreenDump} {} {Save} 
wv_select_window {Custom WaveView} 
wv_press_tool_button {Custom WaveView} {} {UpdateWave0} 
wv_press_button {ReloadFiles} {} {Yes} 
wv_select_window {Custom WaveView} 
wv_press_tool_button {Custom WaveView} {} {UpdateWave0} 
wv_press_button {ReloadFiles} {} {Yes} 
wv_press_tool_button {Custom WaveView} {} {DumpScreen0} 
wv_select_dialog {SaveScreenDump} 
#Input text: E:\WorkStation\Digital IC\src\final\hspice\pic\42721+22814+1.png
wv_set_text {SaveScreenDump} {} {SaveToFile} "E:\\WorkStation\\Digital IC\\src\\final\\hspice\\pic\\42721+22814+1.png"
wv_press_button {SaveScreenDump} {} {Save} 
wv_select_window {Custom WaveView} 
wv_press_tool_button {Custom WaveView} {} {UpdateWave0} 
wv_press_button {ReloadFiles} {} {Yes} 
wv_resize_browser {Custom WaveView} {} {waveview 1:1} 1442 765
wv_select_tab {Custom WaveView} {} {WVTab} {waveview 1:1}
wv_select_tab {Custom WaveView} {} {WVTab} {waveview 2:2}
wv_press_tool_button {Custom WaveView} {} {NewWaveView0} 
wv_select_tree_item {Custom WaveView} {} {hierview} {D0:main.tr0(0)@toplevel(0)} {0} {+sep=@}
wv_resize_browser {Custom WaveView} {} {WV.Browser} 205 794
wv_resize_browser {Custom WaveView} {} {waveview 3:3} 1438 765
wv_resize_browser {Custom WaveView} {} {WV.Browser} 218 794
wv_resize_browser {Custom WaveView} {} {waveview 3:3} 1425 765
wv_resize_browser {Custom WaveView} {} {WV.Browser} 264 794
wv_resize_browser {Custom WaveView} {} {waveview 3:3} 1379 765
wv_resize_browser {Custom WaveView} {} {WV.Browser} 373 794
wv_resize_browser {Custom WaveView} {} {waveview 3:3} 1270 765
wv_resize_browser {Custom WaveView} {} {WV.Browser} 449 794
wv_resize_browser {Custom WaveView} {} {waveview 3:3} 1194 765
wv_resize_browser {Custom WaveView} {} {WV.Browser} 493 794
wv_resize_browser {Custom WaveView} {} {waveview 3:3} 1150 765
wv_resize_browser {Custom WaveView} {} {WV.Browser} 515 794
wv_resize_browser {Custom WaveView} {} {waveview 3:3} 1128 765
wv_resize_browser {Custom WaveView} {} {WV.Browser} 518 794
wv_resize_browser {Custom WaveView} {} {waveview 3:3} 1125 765
wv_resize_browser {Custom WaveView} {} {WV.Browser} 519 794
wv_resize_browser {Custom WaveView} {} {waveview 3:3} 1124 765
wv_resize_browser {Custom WaveView} {} {WV.Browser} 518 794
wv_resize_browser {Custom WaveView} {} {waveview 3:3} 1125 765
wv_resize_browser {Custom WaveView} {} {WV.Browser} 517 794
wv_resize_browser {Custom WaveView} {} {waveview 3:3} 1126 765
wv_resize_browser {Custom WaveView} {} {WV.Browser} 516 794
wv_resize_browser {Custom WaveView} {} {waveview 3:3} 1127 765
wv_resize_browser {Custom WaveView} {} {WV.Browser} 515 794
wv_resize_browser {Custom WaveView} {} {waveview 3:3} 1128 765
wv_resize_browser {Custom WaveView} {} {WV.Browser} 514 794
wv_resize_browser {Custom WaveView} {} {waveview 3:3} 1129 765
wv_resize_browser {Custom WaveView} {} {WV.Browser} 513 794
wv_resize_browser {Custom WaveView} {} {waveview 3:3} 1130 765
wv_resize_browser {Custom WaveView} {} {WV.Browser} 512 794
wv_resize_browser {Custom WaveView} {} {waveview 3:3} 1131 765
wv_resize_browser {Custom WaveView} {} {WV.Browser} 511 794
wv_resize_browser {Custom WaveView} {} {waveview 3:3} 1132 765
wv_resize_browser {Custom WaveView} {} {WV.Browser} 510 794
wv_resize_browser {Custom WaveView} {} {waveview 3:3} 1133 765
wv_resize_browser {Custom WaveView} {} {WV.Browser} 508 794
wv_resize_browser {Custom WaveView} {} {waveview 3:3} 1135 765
wv_resize_browser {Custom WaveView} {} {WV.Browser} 506 794
wv_resize_browser {Custom WaveView} {} {waveview 3:3} 1137 765
wv_resize_browser {Custom WaveView} {} {WV.Browser} 504 794
wv_resize_browser {Custom WaveView} {} {waveview 3:3} 1139 765
wv_resize_browser {Custom WaveView} {} {WV.Browser} 503 794
wv_resize_browser {Custom WaveView} {} {waveview 3:3} 1140 765
wv_resize_browser {Custom WaveView} {} {WV.Browser} 502 794
wv_resize_browser {Custom WaveView} {} {waveview 3:3} 1141 765
wv_resize_browser {Custom WaveView} {} {WV.Browser} 501 794
wv_resize_browser {Custom WaveView} {} {waveview 3:3} 1142 765
wv_resize_browser {Custom WaveView} {} {WV.Browser} 500 794
wv_resize_browser {Custom WaveView} {} {waveview 3:3} 1143 765
wv_resize_browser {Custom WaveView} {} {WV.Browser} 499 794
wv_resize_browser {Custom WaveView} {} {waveview 3:3} 1144 765
wv_resize_browser {Custom WaveView} {} {WV.Browser} 500 794
wv_resize_browser {Custom WaveView} {} {waveview 3:3} 1143 765
wv_resize_browser {Custom WaveView} {} {WV.Browser} 502 794
wv_resize_browser {Custom WaveView} {} {waveview 3:3} 1141 765
wv_resize_browser {Custom WaveView} {} {WV.Browser} 503 794
wv_resize_browser {Custom WaveView} {} {waveview 3:3} 1140 765
wv_resize_browser {Custom WaveView} {} {WV.Browser} 504 794
wv_resize_browser {Custom WaveView} {} {waveview 3:3} 1139 765
wv_resize_browser {Custom WaveView} {} {WV.Browser} 505 794
wv_resize_browser {Custom WaveView} {} {waveview 3:3} 1138 765
wv_select_list_item {Custom WaveView} {} {sigview} {v(co15)} 71
wv_select_list_item {Custom WaveView} {} {sigview} {v(co1)} 69
wv_select_list_item {Custom WaveView} {} {sigview} {v(co11)} 70
wv_select_list_item {Custom WaveView} {} {sigview} {v(co15)} 71
wv_drag_list_item {Custom WaveView} {} {sigview} {v(co15)} 71
wv_select_list_item {Custom WaveView} {} {sigview} {v(co4)} 74
wv_select_list_item {Custom WaveView} {} {sigview} {v(co6)} 76
wv_select_list_item {Custom WaveView} {} {sigview} {v(co7)} 77
wv_drag_list_item {Custom WaveView} {} {sigview} {v(co7)} 77
wv_select_list_item {Custom WaveView} {} {sigview} {v(co15)} 71
wv_drag_list_item {Custom WaveView} {} {sigview} {v(co15)} 71
wv_select_window {Custom WaveView} 
wv_select_list_item {Custom WaveView} {} {sigview} {v(co15)} 71
wv_drag_list_item {Custom WaveView} {} {sigview} {v(co15)} 71
wv_drag_enter WV3
wv_drop_on WV3
wv_select_window {Custom WaveView} 
wv_press_tool_button {Custom WaveView} {} {UpdateWave0} 
wv_press_button {ReloadFiles} {} {Yes} 
wv_select_tree_item {Custom WaveView} {} {hierview} {D0:main.tr0(0)@toplevel(0)} {0} {+sep=@}
wv_resize_browser {Custom WaveView} {} {WV.Browser} 507 794
wv_resize_browser {Custom WaveView} {} {waveview 3:3} 1136 765
wv_resize_browser {Custom WaveView} {} {WV.Browser} 509 794
wv_resize_browser {Custom WaveView} {} {waveview 3:3} 1134 765
wv_resize_browser {Custom WaveView} {} {WV.Browser} 512 794
wv_resize_browser {Custom WaveView} {} {waveview 3:3} 1131 765
wv_resize_browser {Custom WaveView} {} {WV.Browser} 513 794
wv_resize_browser {Custom WaveView} {} {waveview 3:3} 1130 765
wv_resize_browser {Custom WaveView} {} {WV.Browser} 514 794
wv_resize_browser {Custom WaveView} {} {waveview 3:3} 1129 765
wv_resize_browser {Custom WaveView} {} {WV.Browser} 516 794
wv_resize_browser {Custom WaveView} {} {waveview 3:3} 1127 765
wv_resize_browser {Custom WaveView} {} {WV.Browser} 518 794
wv_resize_browser {Custom WaveView} {} {waveview 3:3} 1125 765
wv_resize_browser {Custom WaveView} {} {WV.Browser} 519 794
wv_resize_browser {Custom WaveView} {} {waveview 3:3} 1124 765
wv_resize_browser {Custom WaveView} {} {WV.Browser} 520 794
wv_resize_browser {Custom WaveView} {} {waveview 3:3} 1123 765
wv_resize_browser {Custom WaveView} {} {WV.Browser} 521 794
wv_resize_browser {Custom WaveView} {} {waveview 3:3} 1122 765
wv_resize_browser {Custom WaveView} {} {WV.Browser} 522 794
wv_resize_browser {Custom WaveView} {} {waveview 3:3} 1121 765
wv_resize_browser {Custom WaveView} {} {WV.Browser} 523 794
wv_resize_browser {Custom WaveView} {} {waveview 3:3} 1120 765
wv_resize_browser {Custom WaveView} {} {WV.Browser} 524 794
wv_resize_browser {Custom WaveView} {} {waveview 3:3} 1119 765
wv_resize_browser {Custom WaveView} {} {WV.Browser} 525 794
wv_resize_browser {Custom WaveView} {} {waveview 3:3} 1118 765
wv_resize_browser {Custom WaveView} {} {WV.Browser} 526 794
wv_resize_browser {Custom WaveView} {} {waveview 3:3} 1117 765
wv_resize_browser {Custom WaveView} {} {WV.Browser} 527 794
wv_resize_browser {Custom WaveView} {} {waveview 3:3} 1116 765
wv_select_list_item {Custom WaveView} {} {sigview} {power(vdd)} 33
wv_drag_list_item {Custom WaveView} {} {sigview} {power(vdd)} 33
wv_drag_enter WV3
wv_drag_to WV3 17 450
wv_drag_to WV3 320 23
wv_drag_leave WV3
wv_drag_enter WV3
wv_drag_to WV3 251 43
wv_drag_leave WV3
wv_press_tool_button {Custom WaveView} {} {NewWaveView0} 
wv_select_list_item {Custom WaveView} {} {sigview} {power(vdd)} 33
wv_drag_list_item {Custom WaveView} {} {sigview} {power(vdd)} 33
wv_drag_enter WV4
wv_drop_on WV4
wv_select_waveview 4 {waveview 4}
wv_select_wv_item WV4.LEGEND.WIDTH
wv_drag_item_to WV4 80 132
wv_move_wv_item WV4.PANEL1:1.LEGEND.WIDTH 117
wv_select_tab {Custom WaveView} {} {WVTab} {waveview 3:3}
wv_resize_browser {Custom WaveView} {} {waveview 1:1} 1116 765
wv_select_tab {Custom WaveView} {} {WVTab} {waveview 1:1}
wv_select_tab {Custom WaveView} {} {WVTab} {waveview 4:4}
wv_select_window {Custom WaveView} 
wv_press_key Shift_" 1497 353
wv_select_waveview 4 {waveview 4}
wv_select_wv_item WV4.PANEL1:1.LEGEND
wv_select_panel WV4.PANEL1:1.LEGEND
wv_select_waveview 4 {waveview 4}
wv_select_wv_item WV4.PANEL1:1.LINE1
wv_select_line WV4.PANEL1:1.LINE1
wv_select_waveview 4 {waveview 4}
wv_waveview_context_menu WV4.PANEL1:1.LINE1
wv_select_waveview 4 {waveview 4}
wv_select_menu_item {Custom WaveView} {waveview 4:4} {SignalPopMenu.Attributes...} 
wv_select_combox_item {WaveformAttributesDialog} {} {LineWidth} "3" 2
wv_press_button {WaveformAttributesDialog} {} {Apply} 
wv_close_dialog {WaveformAttributesDialog} 
wv_select_dialog {WaveformAttributesDialog} 
wv_select_window {Custom WaveView} 
wv_close_dialog {WaveformAttributesDialog} 
wv_select_waveview 4 {waveview 4}
wv_select_wv_item WV4.PANEL1:1.LINE1
wv_select_line WV4.PANEL1:1.LINE1
wv_press_key Shift_" 564 323
wv_select_window {Custom WaveView} 
wv_close_window {Custom WaveView} 
